<?xml version="1.0" encoding="UTF-8"?>
<testsuite name="tests.CukeRunnerTest" tests="0" skipped="0" failures="0" errors="0" timestamp="1970-01-01T00:00:00" hostname="Personal" time="0.0">
  <properties/>
  <system-out><![CDATA[Feature: launch google

  Scenario:              ?[90m# test.feature:3?[0m
    ?[32mGiven ?[0m?[32mi go to google?[0m ?[90m# FirstAttemptTest.i_go_to_google()?[0m

1 Scenarios (?[32m1 passed?[0m)
1 Steps (?[32m1 passed?[0m)
0m19.074s

]]></system-out>
  <system-err><![CDATA[]]></system-err>
</testsuite>
