<?xml version="1.0" encoding="UTF-8" standalone="no"?>
<testsuite failures="0" name="cucumber.runtime.formatter.JUnitFormatter" skipped="1" tests="1" time="0">
<testcase classname="launch google" name="" time="0">
<skipped><![CDATA[Given i go to googlels......................................................undefined
]]></skipped>
</testcase>
</testsuite>
