<?xml version="1.0" encoding="UTF-8"?>
<testsuite name="tests.ApiTests" tests="1" skipped="0" failures="0" errors="0" timestamp="2018-04-26T15:32:07" hostname="Personal" time="3.968">
  <properties/>
  <testcase name="getFilms" classname="tests.ApiTests" time="3.968"/>
  <system-out><![CDATA[Luke Skywalker
]]></system-out>
  <system-err><![CDATA[]]></system-err>
</testsuite>
