<?xml version="1.0" encoding="UTF-8"?>
<testsuite name="Scenario: " tests="2" skipped="0" failures="0" errors="0" timestamp="2018-04-25T19:54:41" hostname="Personal" time="0.015">
  <properties/>
  <testcase name="Given i go to google" classname="Scenario: " time="0.0"/>
  <testcase name="classMethod" classname="Scenario: " time="19.136"/>
  <system-out><![CDATA[]]></system-out>
  <system-err><![CDATA[Starting ChromeDriver 2.35.528161 (5b82f2d2aae0ca24b877009200ced9065a772e73) on port 1028
Only local connections are allowed.
Apr 25, 2018 8:54:28 PM org.openqa.selenium.remote.ProtocolHandshake createSession
INFO: Detected dialect: OSS
]]></system-err>
</testsuite>
